Traceback (most recent call last):
  File "/home/jovyan/.local/lib/python3.9/site-packages/jupyter_cache/executors/utils.py", line 51, in single_nb_execution
    executenb(
  File "/home/jovyan/.local/lib/python3.9/site-packages/nbclient/client.py", line 1204, in execute
    return NotebookClient(nb=nb, resources=resources, km=km, **kwargs).execute()
  File "/home/jovyan/.local/lib/python3.9/site-packages/nbclient/util.py", line 84, in wrapped
    return just_run(coro(*args, **kwargs))
  File "/home/jovyan/.local/lib/python3.9/site-packages/nbclient/util.py", line 62, in just_run
    return loop.run_until_complete(coro)
  File "/usr/lib/python3.9/asyncio/base_events.py", line 642, in run_until_complete
    return future.result()
  File "/home/jovyan/.local/lib/python3.9/site-packages/nbclient/client.py", line 663, in async_execute
    await self.async_execute_cell(
  File "/home/jovyan/.local/lib/python3.9/site-packages/nbclient/client.py", line 965, in async_execute_cell
    await self._check_raise_for_error(cell, cell_index, exec_reply)
  File "/home/jovyan/.local/lib/python3.9/site-packages/nbclient/client.py", line 862, in _check_raise_for_error
    raise CellExecutionError.from_cell_and_msg(cell, exec_reply_content)
nbclient.exceptions.CellExecutionError: An error occurred while executing the following cell:
------------------
using OMEinsum, SymEngine
using FastGaussQuadrature
using SparseIR
using LaTeXStrings
using Plots
------------------

ArgumentError: Package SymEngine not found in current path:
- Run `import Pkg; Pkg.add("SymEngine")` to install the SymEngine package.


Stacktrace:
 [1] require(into::Module, mod::Symbol)
   @ Base ./loading.jl:967
 [2] eval
   @ ./boot.jl:373 [inlined]
 [3] include_string(mapexpr::typeof(REPL.softscope), mod::Module, code::String, filename::String)
   @ Base ./loading.jl:1196
LoadError: ArgumentError: Package SymEngine not found in current path:
- Run `import Pkg; Pkg.add("SymEngine")` to install the SymEngine package.


