Traceback (most recent call last):
  File "/opt/homebrew/lib/python3.9/site-packages/jupyter_cache/executors/utils.py", line 51, in single_nb_execution
    executenb(
  File "/opt/homebrew/lib/python3.9/site-packages/nbclient/client.py", line 1093, in execute
    return NotebookClient(nb=nb, resources=resources, km=km, **kwargs).execute()
  File "/opt/homebrew/lib/python3.9/site-packages/nbclient/util.py", line 84, in wrapped
    return just_run(coro(*args, **kwargs))
  File "/opt/homebrew/lib/python3.9/site-packages/nbclient/util.py", line 62, in just_run
    return loop.run_until_complete(coro)
  File "/opt/homebrew/Cellar/python@3.9/3.9.10/Frameworks/Python.framework/Versions/3.9/lib/python3.9/asyncio/base_events.py", line 642, in run_until_complete
    return future.result()
  File "/opt/homebrew/lib/python3.9/site-packages/nbclient/client.py", line 559, in async_execute
    await self.async_execute_cell(
  File "/opt/homebrew/lib/python3.9/site-packages/nbclient/client.py", line 854, in async_execute_cell
    self._check_raise_for_error(cell, exec_reply)
  File "/opt/homebrew/lib/python3.9/site-packages/nbclient/client.py", line 756, in _check_raise_for_error
    raise CellExecutionError.from_cell_and_msg(cell, exec_reply_content)
nbclient.exceptions.CellExecutionError: An error occurred while executing the following cell:
------------------
using SparseIR
#ENV["MPLBACKEND"]="tkagg"
using PyPlot
using OMEinsum


beta = 15
wmax = 10
basis_b = FiniteTempBasis(boson, beta, wmax, 1e-10)

coeff = [1.0]
omega_p = [0.1]

rhol_pole = ein"lp,p->l"(
    basis_b.v(omega_p),
    coeff ./ tanh.(0.5*beta*omega_p)
)
gl_pole = - basis_b.s .* rhol_pole

plt.semilogy(abs.(rhol_pole), marker="o", label=L"|\rho_l|")
plt.semilogy(abs.(gl_pole), marker="x", label=L"|g_l|")

plt.xlabel(L"$l$")
plt.ylim([1e-5, 1e+1])
plt.legend()
;
------------------

xprec is not supported yet.

Stacktrace:
 [1] error(s::String)
   @ Base ./error.jl:33
 [2] FiniteTempBasis(statistics::SparseIR.Statistics, beta::Int64, wmax::Int64, eps::Float64; kernel::Nothing, sve_result::Nothing)
   @ SparseIR ~/.julia/packages/SparseIR/FPjM2/src/basis.jl:107
 [3] FiniteTempBasis(statistics::SparseIR.Statistics, beta::Int64, wmax::Int64, eps::Float64)
   @ SparseIR ~/.julia/packages/SparseIR/FPjM2/src/basis.jl:104
 [4] top-level scope
   @ In[1]:9
 [5] eval
   @ ./boot.jl:373 [inlined]
 [6] include_string(mapexpr::typeof(REPL.softscope), mod::Module, code::String, filename::String)
   @ Base ./loading.jl:1196
LoadError: xprec is not supported yet.

